TN:
SF:/Users/davide.gheri/Code/js-utils/packages/js-browser/src/index.browser.js
FNF:0
FNH:0
LF:0
LH:0
BRF:0
BRH:0
end_of_record
TN:
SF:/Users/davide.gheri/Code/js-utils/packages/js-browser/src/index.js
FN:12,(anonymous_0)
FN:43,(anonymous_1)
FN:65,(anonymous_2)
FNF:3
FNH:3
FNDA:1,(anonymous_0)
FNDA:3,(anonymous_1)
FNDA:3,(anonymous_2)
DA:13,1
DA:14,1
DA:19,1
DA:21,1
DA:22,1
DA:44,3
DA:45,2
DA:46,2
DA:66,3
LF:9
LH:9
BRDA:44,0,0,2
BRDA:44,0,1,1
BRDA:44,1,0,3
BRDA:44,1,1,3
BRF:4
BRH:4
end_of_record
TN:
SF:/Users/davide.gheri/Code/js-utils/packages/js-browser/src/getQueryParams/index.js
FN:15,(anonymous_0)
FNF:1
FNH:1
FNDA:6,(anonymous_0)
DA:17,6
DA:18,6
DA:21,6
DA:22,4
DA:23,4
DA:24,4
DA:26,4
DA:27,6
DA:28,6
DA:30,6
DA:35,6
LF:11
LH:11
BRDA:21,0,0,4
BRDA:21,0,1,2
BRDA:23,1,0,4
BRDA:23,1,1,0
BRDA:27,2,0,6
BRDA:27,2,1,0
BRF:6
BRH:4
end_of_record
