TN:
SF:/Users/davide.gheri/Code/js-utils/packages/js-logger/src/globals.js
FNF:0
FNH:0
LF:0
LH:0
BRF:0
BRH:0
end_of_record
TN:
SF:/Users/davide.gheri/Code/js-utils/packages/js-logger/src/index.browser.js
FNF:0
FNH:0
LF:0
LH:0
BRF:0
BRH:0
end_of_record
TN:
SF:/Users/davide.gheri/Code/js-utils/packages/js-logger/src/index.js
FNF:0
FNH:0
LF:0
LH:0
BRF:0
BRH:0
end_of_record
TN:
SF:/Users/davide.gheri/Code/js-utils/packages/js-logger/src/init/index.js
FN:19,(anonymous_0)
FNF:1
FNH:1
FNDA:12,(anonymous_0)
DA:20,12
LF:1
LH:1
BRF:0
BRH:0
end_of_record
TN:
SF:/Users/davide.gheri/Code/js-utils/packages/js-logger/src/logger/index.js
FN:14,(anonymous_0)
FN:32,(anonymous_1)
FN:50,(anonymous_2)
FN:68,(anonymous_3)
FN:84,(anonymous_4)
FNF:5
FNH:5
FNDA:2,(anonymous_0)
FNDA:2,(anonymous_1)
FNDA:2,(anonymous_2)
FNDA:2,(anonymous_3)
FNDA:2,(anonymous_4)
DA:14,2
DA:15,2
DA:16,1
DA:32,2
DA:33,2
DA:34,1
DA:50,2
DA:51,2
DA:52,1
DA:68,2
DA:69,2
DA:84,2
DA:85,2
LF:13
LH:13
BRDA:15,0,0,1
BRDA:15,0,1,1
BRDA:33,1,0,1
BRDA:33,1,1,1
BRDA:51,2,0,1
BRDA:51,2,1,1
BRF:6
BRH:6
end_of_record
