TN:
SF:/Users/davide.gheri/Code/js-utils/packages/js-eventbus/src/index.browser.js
FNF:0
FNH:0
LF:0
LH:0
BRF:0
BRH:0
end_of_record
TN:
SF:/Users/davide.gheri/Code/js-utils/packages/js-eventbus/src/index.js
FN:15,(anonymous_0)
FN:40,(anonymous_1)
FN:58,(anonymous_2)
FN:63,(anonymous_3)
FN:80,(anonymous_4)
FN:86,(anonymous_5)
FN:102,(anonymous_6)
FN:115,(anonymous_7)
FNF:8
FNH:8
FNDA:9,(anonymous_0)
FNDA:13,(anonymous_1)
FNDA:9,(anonymous_2)
FNDA:6,(anonymous_3)
FNDA:2,(anonymous_4)
FNDA:2,(anonymous_5)
FNDA:2,(anonymous_6)
FNDA:10,(anonymous_7)
DA:16,9
DA:41,13
DA:42,8
DA:44,13
DA:59,9
DA:60,9
DA:61,5
DA:63,4
DA:64,6
DA:65,6
DA:81,2
DA:82,2
DA:83,1
DA:86,1
DA:87,2
DA:88,1
DA:90,2
DA:103,2
DA:104,1
DA:106,1
DA:116,10
LF:21
LH:21
BRDA:40,0,0,13
BRDA:41,1,0,8
BRDA:41,1,1,5
BRDA:60,2,0,5
BRDA:60,2,1,4
BRDA:60,3,0,9
BRDA:60,3,1,5
BRDA:82,4,0,1
BRDA:82,4,1,1
BRDA:87,5,0,1
BRDA:87,5,1,1
BRDA:103,6,0,1
BRDA:103,6,1,1
BRF:13
BRH:13
end_of_record
